Vivado Simulator v2025.1.0
Copyright 1986-2022 Xilinx, Inc. All Rights Reserved.
Copyright 2022-2025 Advanced Micro Devices, Inc. All Rights Reserved.
Running: C:/Xilinx/2025.1/Vivado/bin/unwrapped/win64.o/xelab.exe --incr --debug typical --relax --mt 2 -L xil_defaultlib -L uvm -L unisims_ver -L unimacro_ver -L secureip --snapshot cic_decimator_tb_behav xil_defaultlib.cic_decimator_tb xil_defaultlib.glbl -log elaborate.log 
Using 2 slave threads.
Starting static elaboration
Pass Through NonSizing Optimizer
Completed static elaboration
Starting simulation data flow analysis
WARNING: [XSIM 43-4099] "C:/Users/nikit/OneDrive/Desktop/GITHUB_PRJ/Digital-filters-portfolio/CIC/Decimation/FPGA/Verilog/cic_decimator.v" Line 1. Module cic_decimator(DATA_WIDTH=18) doesn't have a timescale but at least one module in design has a timescale.
WARNING: [XSIM 43-4099] "C:/Users/nikit/OneDrive/Desktop/GITHUB_PRJ/Digital-filters-portfolio/CIC/Decimation/FPGA/Verilog/cic_decimator.v" Line 103. Module integrator(DATA_WIDTH=18) doesn't have a timescale but at least one module in design has a timescale.
WARNING: [XSIM 43-4099] "C:/Users/nikit/OneDrive/Desktop/GITHUB_PRJ/Digital-filters-portfolio/CIC/Decimation/FPGA/Verilog/cic_decimator.v" Line 276. Module counter(MODULE=32) doesn't have a timescale but at least one module in design has a timescale.
WARNING: [XSIM 43-4099] "C:/Users/nikit/OneDrive/Desktop/GITHUB_PRJ/Digital-filters-portfolio/CIC/Decimation/FPGA/Verilog/cic_decimator.v" Line 211. Module time_domain_change(DATA_WIDTH=18) doesn't have a timescale but at least one module in design has a timescale.
WARNING: [XSIM 43-4099] "C:/Users/nikit/OneDrive/Desktop/GITHUB_PRJ/Digital-filters-portfolio/CIC/Decimation/FPGA/Verilog/cic_decimator.v" Line 157. Module comb(DATA_WIDTH=18) doesn't have a timescale but at least one module in design has a timescale.
WARNING: [XSIM 43-4099] "C:/Users/nikit/OneDrive/Desktop/GITHUB_PRJ/Digital-filters-portfolio/CIC/Decimation/FPGA/Verilog/cic_decimator.v" Line 1. Module cic_decimator(DATA_WIDTH=18) doesn't have a timescale but at least one module in design has a timescale.
WARNING: [XSIM 43-4099] "C:/Users/nikit/OneDrive/Desktop/GITHUB_PRJ/Digital-filters-portfolio/CIC/Decimation/FPGA/Verilog/cic_decimator.v" Line 103. Module integrator(DATA_WIDTH=18) doesn't have a timescale but at least one module in design has a timescale.
WARNING: [XSIM 43-4099] "C:/Users/nikit/OneDrive/Desktop/GITHUB_PRJ/Digital-filters-portfolio/CIC/Decimation/FPGA/Verilog/cic_decimator.v" Line 276. Module counter(MODULE=32) doesn't have a timescale but at least one module in design has a timescale.
WARNING: [XSIM 43-4099] "C:/Users/nikit/OneDrive/Desktop/GITHUB_PRJ/Digital-filters-portfolio/CIC/Decimation/FPGA/Verilog/cic_decimator.v" Line 211. Module time_domain_change(DATA_WIDTH=18) doesn't have a timescale but at least one module in design has a timescale.
WARNING: [XSIM 43-4099] "C:/Users/nikit/OneDrive/Desktop/GITHUB_PRJ/Digital-filters-portfolio/CIC/Decimation/FPGA/Verilog/cic_decimator.v" Line 157. Module comb(DATA_WIDTH=18) doesn't have a timescale but at least one module in design has a timescale.
Completed simulation data flow analysis
Time Resolution for simulation is 1ps
Compiling module xil_defaultlib.integrator(DATA_WIDTH=18)
Compiling module xil_defaultlib.counter(MODULE=32)
Compiling module xil_defaultlib.time_domain_change(DATA_WIDTH=18...
Compiling module xil_defaultlib.comb(DATA_WIDTH=18)
Compiling module xil_defaultlib.mac(DATA_WIDTH=18)
Compiling module xil_defaultlib.fir_filter(DATA_WIDTH=18)
Compiling module xil_defaultlib.cic_decimator(DATA_WIDTH=18)
Compiling module xil_defaultlib.cic_decimator_tb
Compiling module xil_defaultlib.glbl
Built simulation snapshot cic_decimator_tb_behav
